<?xml version="1.0" encoding="UTF-8"?>
<!-- Generated by org.testng.reporters.JUnitXMLReporter -->
<testsuite ignored="0" hostname="LAPTOP-DLFNDHGP" failures="1" tests="2" name="ChromeTest1" time="19.566" errors="0" timestamp="2022-11-22T19:07:59 IST">
  <testcase classname="KhanAcademy.CrossB" name="test" time="4.717">
    <failure type="java.lang.AssertionError" message="The following asserts failed:
	expected [https://www.khanacademy.org/profile/me/] but found [https://www.khanacademy.org/computing/computer-programming/programming]">
      <![CDATA[java.lang.AssertionError: The following asserts failed:
expected [https://www.khanacademy.org/profile/me/] but found [https://www.khanacademy.org/computing/computer-programming/programming]
at KhanAcademy.CrossB.test(CrossB.java:86)
at java.base/java.util.ArrayList.forEach(ArrayList.java:1511)
... Removed 27 stack frames]]>
    </failure>
  </testcase> <!-- test -->
  <testcase classname="KhanAcademy.CrossB" name="Test" time="2.629"/>
</testsuite> <!-- ChromeTest1 -->
