<?xml version="1.0" encoding="UTF-8"?>
<!-- Generated by org.testng.reporters.JUnitXMLReporter -->
<testsuite ignored="0" hostname="LAPTOP-DLFNDHGP" failures="1" tests="2" name="FirefoxTest1" time="24.344" errors="0" timestamp="2022-11-22T19:08:24 IST">
  <testcase classname="KhanAcademy.CrossB" name="test" time="6.063"/>
  <testcase classname="KhanAcademy.CrossB" name="Test" time="5.541">
    <failure type="java.lang.AssertionError" message="The following asserts failed:
	expected [https://www.khanacademy.org/computing/computer-programming/programming/intro-to-programming/v/programming-intro] but found [https://www.khanacademy.org/profile/me/courses]">
      <![CDATA[java.lang.AssertionError: The following asserts failed:
expected [https://www.khanacademy.org/computing/computer-programming/programming/intro-to-programming/v/programming-intro] but found [https://www.khanacademy.org/profile/me/courses]
at KhanAcademy.CrossB.Test(CrossB.java:98)
at java.base/java.util.ArrayList.forEach(ArrayList.java:1511)
... Removed 27 stack frames]]>
    </failure>
  </testcase> <!-- Test -->
</testsuite> <!-- FirefoxTest1 -->
